Using pre-set license
Built from '2020.3/staging' branch; Version is '2020.3.22f1 (e1a7f79fd887) revision 14788599'; Using compiler version '192528614'; Build Type 'Release'
OS: 'Windows 10 Home; OS build 19042.1288; Version 2009; 64bit' Language: 'en' Physical Memory: 32687 MB
BatchMode: 1, IsHumanControllingUs: 0, StartBugReporterOnCrash: 0, Is64bit: 1, IsPro: 0

COMMAND LINE ARGUMENTS:
C:\Program Files\Unity\Hub\Editor\2020.3.22f1\Editor\Unity.exe
-adb2
-batchMode
-noUpm
-name
AssetImportWorker0
-projectPath
E:/Github/Blackjack
-logFile
Logs/AssetImportWorker0.log
-srvPort
50344
Successfully changed project path to: E:/Github/Blackjack
E:/Github/Blackjack
Using Asset Import Pipeline V2.
Refreshing native plugins compatible for Editor in 32.49 ms, found 3 plugins.
Preloading 0 native plugins for Editor in 0.00 ms.
Initialize engine version: 2020.3.22f1 (e1a7f79fd887)
[Subsystems] Discovering subsystems at path C:/Program Files/Unity/Hub/Editor/2020.3.22f1/Editor/Data/Resources/UnitySubsystems
[Subsystems] Discovering subsystems at path E:/Github/Blackjack/Assets
GfxDevice: creating device client; threaded=0
Direct3D:
    Version:  Direct3D 11.0 [level 11.1]
    Renderer: NVIDIA GeForce RTX 3080 (ID=0x2206)
    Vendor:   
    VRAM:     10078 MB
    Driver:   30.0.14.9649
Initialize mono
Mono path[0] = 'C:/Program Files/Unity/Hub/Editor/2020.3.22f1/Editor/Data/Managed'
Mono path[1] = 'C:/Program Files/Unity/Hub/Editor/2020.3.22f1/Editor/Data/MonoBleedingEdge/lib/mono/unityjit'
Mono config path = 'C:/Program Files/Unity/Hub/Editor/2020.3.22f1/Editor/Data/MonoBleedingEdge/etc'
Using monoOptions --debugger-agent=transport=dt_socket,embedding=1,server=y,suspend=n,address=127.0.0.1:56912
Begin MonoManager ReloadAssembly
Registering precompiled unity dll's ...
Register platform support module: C:/Program Files/Unity/Hub/Editor/2020.3.22f1/Editor/Data/PlaybackEngines/WebGLSupport/UnityEditor.WebGL.Extensions.dll
Register platform support module: C:/Program Files/Unity/Hub/Editor/2020.3.22f1/Editor/Data/PlaybackEngines/MacStandaloneSupport/UnityEditor.OSXStandalone.Extensions.dll
Register platform support module: C:/Program Files/Unity/Hub/Editor/2020.3.22f1/Editor/Data/PlaybackEngines/WindowsStandaloneSupport/UnityEditor.WindowsStandalone.Extensions.dll
Registered in 0.000979 seconds.
Native extension for WindowsStandalone target not found
Native extension for OSXStandalone target not found
Native extension for WebGL target not found
Refreshing native plugins compatible for Editor in 34.84 ms, found 3 plugins.
Preloading 0 native plugins for Editor in 0.00 ms.
Mono: successfully reloaded assembly
- Completed reload, in  1.300 seconds
Domain Reload Profiling:
	ReloadAssembly (1300ms)
		BeginReloadAssembly (36ms)
			ExecutionOrderSort (0ms)
			DisableScriptedObjects (0ms)
			BackupInstance (0ms)
			ReleaseScriptingObjects (0ms)
			CreateAndSetChildDomain (1ms)
		EndReloadAssembly (325ms)
			LoadAssemblies (36ms)
			RebuildTransferFunctionScriptingTraits (0ms)
			SetupTypeCache (112ms)
			ReleaseScriptCaches (0ms)
			RebuildScriptCaches (20ms)
			SetupLoadedEditorAssemblies (126ms)
				LogAssemblyErrors (0ms)
				InitializePlatformSupportModulesInManaged (4ms)
				SetLoadedEditorAssemblies (0ms)
				RefreshPlugins (35ms)
				BeforeProcessingInitializeOnLoad (12ms)
				ProcessInitializeOnLoadAttributes (57ms)
				ProcessInitializeOnLoadMethodAttributes (19ms)
				AfterProcessingInitializeOnLoad (0ms)
				EditorAssembliesLoaded (0ms)
			ExecutionOrderSort2 (0ms)
			AwakeInstancesAfterBackupRestoration (0ms)
Platform modules already initialized, skipping
Registering precompiled user dll's ...
Registered in 0.002349 seconds.
Begin MonoManager ReloadAssembly
Native extension for WindowsStandalone target not found
Native extension for OSXStandalone target not found
Native extension for WebGL target not found
Refreshing native plugins compatible for Editor in 33.27 ms, found 3 plugins.
Preloading 0 native plugins for Editor in 0.00 ms.
Mono: successfully reloaded assembly
- Completed reload, in  0.805 seconds
Domain Reload Profiling:
	ReloadAssembly (806ms)
		BeginReloadAssembly (104ms)
			ExecutionOrderSort (0ms)
			DisableScriptedObjects (3ms)
			BackupInstance (0ms)
			ReleaseScriptingObjects (0ms)
			CreateAndSetChildDomain (14ms)
		EndReloadAssembly (660ms)
			LoadAssemblies (64ms)
			RebuildTransferFunctionScriptingTraits (0ms)
			SetupTypeCache (226ms)
			ReleaseScriptCaches (0ms)
			RebuildScriptCaches (35ms)
			SetupLoadedEditorAssemblies (246ms)
				LogAssemblyErrors (0ms)
				InitializePlatformSupportModulesInManaged (4ms)
				SetLoadedEditorAssemblies (0ms)
				RefreshPlugins (33ms)
				BeforeProcessingInitializeOnLoad (52ms)
				ProcessInitializeOnLoadAttributes (143ms)
				ProcessInitializeOnLoadMethodAttributes (12ms)
				AfterProcessingInitializeOnLoad (2ms)
				EditorAssembliesLoaded (0ms)
			ExecutionOrderSort2 (0ms)
			AwakeInstancesAfterBackupRestoration (5ms)
Platform modules already initialized, skipping
========================================================================
Worker process is ready to serve import requests
Launched and connected shader compiler UnityShaderCompiler.exe after 0.03 seconds
Refreshing native plugins compatible for Editor in 0.43 ms, found 3 plugins.
Preloading 0 native plugins for Editor in 0.00 ms.
Unloading 2304 Unused Serialized files (Serialized files now loaded: 0)
System memory in use before: 101.6 MB.
System memory in use after: 101.8 MB.

Unloading 28 unused Assets to reduce memory usage. Loaded Objects now: 2738.
Total: 2.487400 ms (FindLiveObjects: 0.195000 ms CreateObjectMapping: 0.086500 ms MarkObjects: 2.159300 ms  DeleteObjects: 0.045500 ms)

AssetImportParameters requested are different than current active one (requested -> active):
  custom:framework-win-MediaFoundation: 216162199b28c13a410421893ffa2e32 -> 
  custom:video-decoder-ogg-theora: a1e56fd34408186e4bbccfd4996cb3dc -> 
  custom:container-muxer-webm: aa71ff27fc2769a1b78a27578f13a17b -> 
  custom:container-demuxer-webm: 4f35f7cbe854078d1ac9338744f61a02 -> 
  custom:container-demuxer-ogg: 62fdf1f143b41e24485cea50d1cbac27 -> 
  custom:video-encoder-webm-vp8: eb34c28f22e8b96e1ab97ce403110664 -> 
  custom:video-decoder-webm-vp8: 9c59270c3fd7afecdb556c50c9e8de78 -> 
  custom:audio-decoder-ogg-vorbis: bf7c407c2cedff20999df2af8eb42d56 -> 
  custom:audio-encoder-webm-vorbis: bf7c407c2cedff20999df2af8eb42d56 -> 
========================================================================
Received Import Request.
  path: Assets/Ink/Demos
  artifactKey: Guid(1ea997059b193ec4f93c2ae11630ad48) Importer(815301076,1909f56bfc062723c751e8b465ee728b)
Start importing Assets/Ink/Demos using Guid(1ea997059b193ec4f93c2ae11630ad48) Importer(815301076,1909f56bfc062723c751e8b465ee728b)  -> (artifact id: 'a55facd7d4a8ea5814f676907b970ec9') in 0.003301 seconds 
  Import took 0.005772 seconds .

========================================================================
Received Import Request.
  Time since last request: 0.000165 seconds.
  path: Assets/Ink/Demos/Basic Demo
  artifactKey: Guid(36fb6d04b0b2d3b478161622da3f094c) Importer(815301076,1909f56bfc062723c751e8b465ee728b)
Start importing Assets/Ink/Demos/Basic Demo using Guid(36fb6d04b0b2d3b478161622da3f094c) Importer(815301076,1909f56bfc062723c751e8b465ee728b)  -> (artifact id: 'fab015af2fd1a02a24e2d7c336c5eeed') in 0.000872 seconds 
  Import took 0.003141 seconds .

========================================================================
Received Import Request.
  Time since last request: 0.569203 seconds.
  path: Assets/Ink/Demos/Basic Demo/Basic Demo.unity
  artifactKey: Guid(8af1c5cbac5094782904447c9410b35d) Importer(815301076,1909f56bfc062723c751e8b465ee728b)
Start importing Assets/Ink/Demos/Basic Demo/Basic Demo.unity using Guid(8af1c5cbac5094782904447c9410b35d) Importer(815301076,1909f56bfc062723c751e8b465ee728b)  -> (artifact id: '7e98103b5e2925c17c5b8a548293db30') in 0.006805 seconds 
  Import took 0.009533 seconds .

========================================================================
Received Import Request.
  Time since last request: 33.862842 seconds.
  path: Assets/Fonts/1942.ttf
  artifactKey: Guid(0acd235b594c23644b35c90fe787d555) Importer(815301076,1909f56bfc062723c751e8b465ee728b)
Start importing Assets/Fonts/1942.ttf using Guid(0acd235b594c23644b35c90fe787d555) Importer(815301076,1909f56bfc062723c751e8b465ee728b)  -> (artifact id: '6bf9cf3ab9f16d778f8b6d3f1d5a54bd') in 0.078717 seconds 
  Import took 0.081580 seconds .

========================================================================
Received Import Request.
  Time since last request: 0.000237 seconds.
  path: Assets/Fonts/Beyond Wonderland.ttf
  artifactKey: Guid(0fb4b890da0ba554a9403abe2f655a79) Importer(815301076,1909f56bfc062723c751e8b465ee728b)
Start importing Assets/Fonts/Beyond Wonderland.ttf using Guid(0fb4b890da0ba554a9403abe2f655a79) Importer(815301076,1909f56bfc062723c751e8b465ee728b)  -> (artifact id: '125fc606a7495b1197660c47a7d934b7') in 0.011530 seconds 
  Import took 0.014173 seconds .

========================================================================
Received Import Request.
  Time since last request: 0.000167 seconds.
  path: Assets/Fonts/LiquidCrystal-Normal.otf
  artifactKey: Guid(bc959bd53a2c70041b6f6041b8a61605) Importer(815301076,1909f56bfc062723c751e8b465ee728b)
Start importing Assets/Fonts/LiquidCrystal-Normal.otf using Guid(bc959bd53a2c70041b6f6041b8a61605) Importer(815301076,1909f56bfc062723c751e8b465ee728b)  -> (artifact id: '0fbc751089272c8495d3c35f5e8017e3') in 0.020502 seconds 
  Import took 0.023102 seconds .

========================================================================
Received Import Request.
  Time since last request: 0.000214 seconds.
  path: Assets/Fonts/Cactus Regular.otf
  artifactKey: Guid(9479a324bfdfcbd45badfba95be6b47c) Importer(815301076,1909f56bfc062723c751e8b465ee728b)
Start importing Assets/Fonts/Cactus Regular.otf using Guid(9479a324bfdfcbd45badfba95be6b47c) Importer(815301076,1909f56bfc062723c751e8b465ee728b)  -> (artifact id: '0723336b4e2f982302ea513a90ea09e3') in 0.008004 seconds 
  Import took 0.010564 seconds .

========================================================================
Received Import Request.
  Time since last request: 0.000213 seconds.
  path: Assets/Fonts/cadabra DEBILEX.ttf
  artifactKey: Guid(8774b947c2521e249a1867268a7ce45b) Importer(815301076,1909f56bfc062723c751e8b465ee728b)
Start importing Assets/Fonts/cadabra DEBILEX.ttf using Guid(8774b947c2521e249a1867268a7ce45b) Importer(815301076,1909f56bfc062723c751e8b465ee728b)  -> (artifact id: '20a4881bf01bc960b8f960638bc3a4ad') in 0.006314 seconds 
  Import took 0.008865 seconds .

========================================================================
Received Import Request.
  Time since last request: 0.000169 seconds.
  path: Assets/Fonts/Commodore-64-v6.3.TTF
  artifactKey: Guid(4c3cbfc64591ae840b5d4816e6fe64d4) Importer(815301076,1909f56bfc062723c751e8b465ee728b)
Start importing Assets/Fonts/Commodore-64-v6.3.TTF using Guid(4c3cbfc64591ae840b5d4816e6fe64d4) Importer(815301076,1909f56bfc062723c751e8b465ee728b)  -> (artifact id: '693233bbb5a5cee1170f5a737b0ebc10') in 0.007770 seconds 
  Import took 0.010460 seconds .

========================================================================
Received Import Request.
  Time since last request: 0.000194 seconds.
  path: Assets/Fonts/CURRENCY_REG.ttf
  artifactKey: Guid(85060e5228836774d9c43723daf4bd9f) Importer(815301076,1909f56bfc062723c751e8b465ee728b)
Start importing Assets/Fonts/CURRENCY_REG.ttf using Guid(85060e5228836774d9c43723daf4bd9f) Importer(815301076,1909f56bfc062723c751e8b465ee728b)  -> (artifact id: 'ae226b2bfe2c10c2678f086fefe117d5') in 0.006114 seconds 
  Import took 0.008593 seconds .

========================================================================
Received Import Request.
  Time since last request: 0.000129 seconds.
  path: Assets/Fonts/college.ttf
  artifactKey: Guid(34d2e0bf04b4fbd46bd6bcf5887fc1ae) Importer(815301076,1909f56bfc062723c751e8b465ee728b)
Start importing Assets/Fonts/college.ttf using Guid(34d2e0bf04b4fbd46bd6bcf5887fc1ae) Importer(815301076,1909f56bfc062723c751e8b465ee728b)  -> (artifact id: '9ff17f1275dfba882e8f6b5d90b54469') in 0.005994 seconds 
  Import took 0.008501 seconds .

========================================================================
Received Import Request.
  Time since last request: 0.000139 seconds.
  path: Assets/Fonts/StrangerThings-Regular.ttf
  artifactKey: Guid(76ed18067dafaaf46aa114b6e47b0b58) Importer(815301076,1909f56bfc062723c751e8b465ee728b)
Start importing Assets/Fonts/StrangerThings-Regular.ttf using Guid(76ed18067dafaaf46aa114b6e47b0b58) Importer(815301076,1909f56bfc062723c751e8b465ee728b)  -> (artifact id: 'b55282a746e2181d95f64bc120ce13a8') in 0.005580 seconds 
  Import took 0.008010 seconds .

========================================================================
Received Import Request.
  Time since last request: 0.000166 seconds.
  path: Assets/Fonts/MISPROJE.TTF
  artifactKey: Guid(007160999d2d11a4097ef3dc1c7a8089) Importer(815301076,1909f56bfc062723c751e8b465ee728b)
Start importing Assets/Fonts/MISPROJE.TTF using Guid(007160999d2d11a4097ef3dc1c7a8089) Importer(815301076,1909f56bfc062723c751e8b465ee728b)  -> (artifact id: '4cba0b5755db12fd48765786cf7f9fa2') in 0.006127 seconds 
  Import took 0.008574 seconds .

========================================================================
Received Import Request.
  Time since last request: 0.000150 seconds.
  path: Assets/Fonts/HomeRem.ttf
  artifactKey: Guid(b849e006d890e1f42be3aa994fc9b119) Importer(815301076,1909f56bfc062723c751e8b465ee728b)
Start importing Assets/Fonts/HomeRem.ttf using Guid(b849e006d890e1f42be3aa994fc9b119) Importer(815301076,1909f56bfc062723c751e8b465ee728b)  -> (artifact id: 'e3077037a3a8ebb0ebab8d3f147b9df9') in 0.005582 seconds 
  Import took 0.007980 seconds .

========================================================================
Received Import Request.
  Time since last request: 0.000154 seconds.
  path: Assets/Fonts/ArcadeMinimal3x5.ttf
  artifactKey: Guid(f4d0ba38afb4a6b40853a3c21cb31b2d) Importer(815301076,1909f56bfc062723c751e8b465ee728b)
Start importing Assets/Fonts/ArcadeMinimal3x5.ttf using Guid(f4d0ba38afb4a6b40853a3c21cb31b2d) Importer(815301076,1909f56bfc062723c751e8b465ee728b)  -> (artifact id: '503e11c0a46740ce49dab8a35b260f03') in 0.006140 seconds 
  Import took 0.008625 seconds .

========================================================================
Received Import Request.
  Time since last request: 0.000145 seconds.
  path: Assets/Fonts/Casino3D.ttf
  artifactKey: Guid(57b26766388e8094f9156d740d1ff09a) Importer(815301076,1909f56bfc062723c751e8b465ee728b)
Start importing Assets/Fonts/Casino3D.ttf using Guid(57b26766388e8094f9156d740d1ff09a) Importer(815301076,1909f56bfc062723c751e8b465ee728b)  -> (artifact id: '7b75c5d7f9b7e499c5e1a463fdf565e5') in 0.006385 seconds 
  Import took 0.008869 seconds .

========================================================================
Received Import Request.
  Time since last request: 0.000173 seconds.
  path: Assets/Fonts/Minecrafter.Reg.ttf
  artifactKey: Guid(e47a4a7706a053e49a06908efd7b4bf3) Importer(815301076,1909f56bfc062723c751e8b465ee728b)
Start importing Assets/Fonts/Minecrafter.Reg.ttf using Guid(e47a4a7706a053e49a06908efd7b4bf3) Importer(815301076,1909f56bfc062723c751e8b465ee728b)  -> (artifact id: '2103b38ab873a81f7a1c22b816fadcf6') in 0.005809 seconds 
  Import took 0.008203 seconds .

========================================================================
Received Import Request.
  Time since last request: 0.000179 seconds.
  path: Assets/Fonts/Rosseta.ttf
  artifactKey: Guid(bc34f80e7279ff84099a54f3ee74a4e0) Importer(815301076,1909f56bfc062723c751e8b465ee728b)
Start importing Assets/Fonts/Rosseta.ttf using Guid(bc34f80e7279ff84099a54f3ee74a4e0) Importer(815301076,1909f56bfc062723c751e8b465ee728b)  -> (artifact id: '82e5a5a42de2486dc73a44883cba559b') in 0.006195 seconds 
  Import took 0.008591 seconds .

========================================================================
Received Import Request.
  Time since last request: 0.000135 seconds.
  path: Assets/Fonts/chintzy.ttf
  artifactKey: Guid(b81e151e060874f49a3f7a74c228baec) Importer(815301076,1909f56bfc062723c751e8b465ee728b)
Start importing Assets/Fonts/chintzy.ttf using Guid(b81e151e060874f49a3f7a74c228baec) Importer(815301076,1909f56bfc062723c751e8b465ee728b)  -> (artifact id: '75ed7e5c88c6a295dc731d4415e07077') in 0.005711 seconds 
  Import took 0.008378 seconds .

========================================================================
Received Import Request.
  Time since last request: 0.000210 seconds.
  path: Assets/Fonts/AlphaWood.ttf
  artifactKey: Guid(289deceeaea7d3948bc70996ac6ded77) Importer(815301076,1909f56bfc062723c751e8b465ee728b)
Start importing Assets/Fonts/AlphaWood.ttf using Guid(289deceeaea7d3948bc70996ac6ded77) Importer(815301076,1909f56bfc062723c751e8b465ee728b)  -> (artifact id: 'f98023196f60c2fbac76e67ab7c94127') in 0.005800 seconds 
  Import took 0.008343 seconds .

========================================================================
Received Import Request.
  Time since last request: 0.000119 seconds.
  path: Assets/Fonts/whoa.ttf
  artifactKey: Guid(41605bcf21d8ed7499844e57b3a4ab92) Importer(815301076,1909f56bfc062723c751e8b465ee728b)
Start importing Assets/Fonts/whoa.ttf using Guid(41605bcf21d8ed7499844e57b3a4ab92) Importer(815301076,1909f56bfc062723c751e8b465ee728b)  -> (artifact id: '10d59eb2a868aeb2675b7dd6ca6032e8') in 0.005676 seconds 
  Import took 0.008173 seconds .

========================================================================
Received Import Request.
  Time since last request: 0.000153 seconds.
  path: Assets/Fonts/gunplay 3d.ttf
  artifactKey: Guid(ad512cbfd6ae0934c8c1484472128042) Importer(815301076,1909f56bfc062723c751e8b465ee728b)
Start importing Assets/Fonts/gunplay 3d.ttf using Guid(ad512cbfd6ae0934c8c1484472128042) Importer(815301076,1909f56bfc062723c751e8b465ee728b)  -> (artifact id: '52a0c8a5261441dd75d74290747db4d8') in 0.005710 seconds 
  Import took 0.008159 seconds .

========================================================================
Received Import Request.
  Time since last request: 0.000179 seconds.
  path: Assets/Fonts/The Wild Breath of Zelda.otf
  artifactKey: Guid(a0a23d975bbb4ac4c90cd086f2f26c71) Importer(815301076,1909f56bfc062723c751e8b465ee728b)
Start importing Assets/Fonts/The Wild Breath of Zelda.otf using Guid(a0a23d975bbb4ac4c90cd086f2f26c71) Importer(815301076,1909f56bfc062723c751e8b465ee728b)  -> (artifact id: 'b080f75e9b10fd3ffd789fbba6fe2175') in 0.006461 seconds 
  Import took 0.008949 seconds .

========================================================================
Received Import Request.
  Time since last request: 0.000193 seconds.
  path: Assets/Fonts/TRIBAL__.ttf
  artifactKey: Guid(deb92a70426441144bfb573f890e22d2) Importer(815301076,1909f56bfc062723c751e8b465ee728b)
Start importing Assets/Fonts/TRIBAL__.ttf using Guid(deb92a70426441144bfb573f890e22d2) Importer(815301076,1909f56bfc062723c751e8b465ee728b)  -> (artifact id: '239d4338182d00b0de5c6cdafdada14f') in 0.006322 seconds 
  Import took 0.008828 seconds .

========================================================================
Received Import Request.
  Time since last request: 0.000191 seconds.
  path: Assets/Fonts/WC_RoughTrad.ttf
  artifactKey: Guid(36aa3ace521837042b8c64fa1078f1b0) Importer(815301076,1909f56bfc062723c751e8b465ee728b)
Start importing Assets/Fonts/WC_RoughTrad.ttf using Guid(36aa3ace521837042b8c64fa1078f1b0) Importer(815301076,1909f56bfc062723c751e8b465ee728b)  -> (artifact id: '41fe812b85396528bb2dfc199b152d4a') in 0.006106 seconds 
  Import took 0.008518 seconds .

========================================================================
Received Import Request.
  Time since last request: 0.000147 seconds.
  path: Assets/Fonts/AttackGraffiti-3zRBM.ttf
  artifactKey: Guid(b969af12eac9474449eef5374eceecbe) Importer(815301076,1909f56bfc062723c751e8b465ee728b)
Start importing Assets/Fonts/AttackGraffiti-3zRBM.ttf using Guid(b969af12eac9474449eef5374eceecbe) Importer(815301076,1909f56bfc062723c751e8b465ee728b)  -> (artifact id: 'c8d44dfe10080c71abfbfe01df838726') in 0.005474 seconds 
  Import took 0.007905 seconds .

========================================================================
Received Import Request.
  Time since last request: 0.000212 seconds.
  path: Assets/Fonts/MagicSchoolOne.ttf
  artifactKey: Guid(8e1ada27072a6874c96cb72a64999d93) Importer(815301076,1909f56bfc062723c751e8b465ee728b)
Start importing Assets/Fonts/MagicSchoolOne.ttf using Guid(8e1ada27072a6874c96cb72a64999d93) Importer(815301076,1909f56bfc062723c751e8b465ee728b)  -> (artifact id: '80f1e71704d770b2bf15ee45ef0a656c') in 0.005755 seconds 
  Import took 0.008221 seconds .

========================================================================
Received Import Request.
  Time since last request: 0.000128 seconds.
  path: Assets/Fonts/People.ttf
  artifactKey: Guid(87fd68cd16d48124492509d53f76dc3d) Importer(815301076,1909f56bfc062723c751e8b465ee728b)
Start importing Assets/Fonts/People.ttf using Guid(87fd68cd16d48124492509d53f76dc3d) Importer(815301076,1909f56bfc062723c751e8b465ee728b)  -> (artifact id: '0bf9c567c2fd70786aec8f5b4a811318') in 0.006157 seconds 
  Import took 0.008630 seconds .

========================================================================
Received Import Request.
  Time since last request: 0.000181 seconds.
  path: Assets/Fonts/CactusSandwich.ttf
  artifactKey: Guid(4d034cce5ba215d4cafd1b5e33185e7c) Importer(815301076,1909f56bfc062723c751e8b465ee728b)
Start importing Assets/Fonts/CactusSandwich.ttf using Guid(4d034cce5ba215d4cafd1b5e33185e7c) Importer(815301076,1909f56bfc062723c751e8b465ee728b)  -> (artifact id: '09d0c6ece6c9d08bbd41488de8756f24') in 0.005678 seconds 
  Import took 0.008177 seconds .

========================================================================
Received Import Request.
  Time since last request: 0.000163 seconds.
  path: Assets/Fonts/Random5Bold-ALGpM.otf
  artifactKey: Guid(7ca0c2a0894ce3543b3ff82d7bfd5601) Importer(815301076,1909f56bfc062723c751e8b465ee728b)
Start importing Assets/Fonts/Random5Bold-ALGpM.otf using Guid(7ca0c2a0894ce3543b3ff82d7bfd5601) Importer(815301076,1909f56bfc062723c751e8b465ee728b)  -> (artifact id: '67abae403f44aca50aab5324b2af1d36') in 0.005698 seconds 
  Import took 0.008172 seconds .

========================================================================
Received Import Request.
  Time since last request: 0.000147 seconds.
  path: Assets/Fonts/street cred.ttf
  artifactKey: Guid(ff37975cf871770438b2651b9687d73e) Importer(815301076,1909f56bfc062723c751e8b465ee728b)
Start importing Assets/Fonts/street cred.ttf using Guid(ff37975cf871770438b2651b9687d73e) Importer(815301076,1909f56bfc062723c751e8b465ee728b)  -> (artifact id: '64950a775317867af49dcc98653827f6') in 0.005912 seconds 
  Import took 0.008326 seconds .

========================================================================
Received Import Request.
  Time since last request: 0.000155 seconds.
  path: Assets/Fonts/Casino.ttf
  artifactKey: Guid(aca7f91448b6a71438ef0ef9e8278a8f) Importer(815301076,1909f56bfc062723c751e8b465ee728b)
Start importing Assets/Fonts/Casino.ttf using Guid(aca7f91448b6a71438ef0ef9e8278a8f) Importer(815301076,1909f56bfc062723c751e8b465ee728b)  -> (artifact id: 'd375ab7b0f19bb75aa690ff7b87234d9') in 0.006446 seconds 
  Import took 0.008934 seconds .

========================================================================
Received Import Request.
  Time since last request: 0.000202 seconds.
  path: Assets/Fonts/ethnocentric rg.ttf
  artifactKey: Guid(c4e10ab7b852b8542b22b7e570182a9b) Importer(815301076,1909f56bfc062723c751e8b465ee728b)
Start importing Assets/Fonts/ethnocentric rg.ttf using Guid(c4e10ab7b852b8542b22b7e570182a9b) Importer(815301076,1909f56bfc062723c751e8b465ee728b)  -> (artifact id: '8cf8129671c60c980cd20e442b53081c') in 0.005534 seconds 
  Import took 0.007918 seconds .

========================================================================
Received Import Request.
  Time since last request: 0.000188 seconds.
  path: Assets/Fonts/AldotheApache.ttf
  artifactKey: Guid(aa70911d72caf7d4aa7e5fd26a00d611) Importer(815301076,1909f56bfc062723c751e8b465ee728b)
Start importing Assets/Fonts/AldotheApache.ttf using Guid(aa70911d72caf7d4aa7e5fd26a00d611) Importer(815301076,1909f56bfc062723c751e8b465ee728b)  -> (artifact id: 'f151b63f323a3536b067a800f0a6d259') in 0.005691 seconds 
  Import took 0.008113 seconds .

========================================================================
Received Import Request.
  Time since last request: 0.000162 seconds.
  path: Assets/Fonts/ErikGCapsSketches.ttf
  artifactKey: Guid(8a12c2cce1e060f4f87884f5455b968b) Importer(815301076,1909f56bfc062723c751e8b465ee728b)
Start importing Assets/Fonts/ErikGCapsSketches.ttf using Guid(8a12c2cce1e060f4f87884f5455b968b) Importer(815301076,1909f56bfc062723c751e8b465ee728b)  -> (artifact id: '758d9b2485705ba5f78f487df1754547') in 0.005849 seconds 
  Import took 0.008278 seconds .

========================================================================
Received Import Request.
  Time since last request: 0.000192 seconds.
  path: Assets/Fonts/NASHVILL.TTF
  artifactKey: Guid(5af280ca317486d489c5edbe2f8faa34) Importer(815301076,1909f56bfc062723c751e8b465ee728b)
Start importing Assets/Fonts/NASHVILL.TTF using Guid(5af280ca317486d489c5edbe2f8faa34) Importer(815301076,1909f56bfc062723c751e8b465ee728b)  -> (artifact id: 'ccad83d1e030c4adcc2ada63742ff1df') in 0.005828 seconds 
  Import took 0.008293 seconds .

========================================================================
Received Import Request.
  Time since last request: 0.000141 seconds.
  path: Assets/Fonts/IceCaps.ttf
  artifactKey: Guid(11027a90611165845ba28b0a0528360e) Importer(815301076,1909f56bfc062723c751e8b465ee728b)
Start importing Assets/Fonts/IceCaps.ttf using Guid(11027a90611165845ba28b0a0528360e) Importer(815301076,1909f56bfc062723c751e8b465ee728b)  -> (artifact id: '0fd1e6d655c8adecec663f31e4ba9f69') in 0.005757 seconds 
  Import took 0.008179 seconds .

========================================================================
Received Import Request.
  Time since last request: 0.000152 seconds.
  path: Assets/Fonts/PRINP___.ttf
  artifactKey: Guid(ce16273dab6876c4a96950b0845bec52) Importer(815301076,1909f56bfc062723c751e8b465ee728b)
Start importing Assets/Fonts/PRINP___.ttf using Guid(ce16273dab6876c4a96950b0845bec52) Importer(815301076,1909f56bfc062723c751e8b465ee728b)  -> (artifact id: 'fb79a323631e04487e1833f3618431ca') in 0.006342 seconds 
  Import took 0.008763 seconds .

========================================================================
Received Import Request.
  Time since last request: 0.000195 seconds.
  path: Assets/Fonts/OldeEnglish.ttf
  artifactKey: Guid(1406d6d76d79a3649b280cc88f3c7ce8) Importer(815301076,1909f56bfc062723c751e8b465ee728b)
Start importing Assets/Fonts/OldeEnglish.ttf using Guid(1406d6d76d79a3649b280cc88f3c7ce8) Importer(815301076,1909f56bfc062723c751e8b465ee728b)  -> (artifact id: '75924ffc2fece8e903ef4244353f773a') in 0.005586 seconds 
  Import took 0.008035 seconds .

========================================================================
Received Import Request.
  Time since last request: 0.000220 seconds.
  path: Assets/Fonts/Top Secret.ttf
  artifactKey: Guid(54409046cc0e04c4b9d15b8e0fda0b6a) Importer(815301076,1909f56bfc062723c751e8b465ee728b)
Start importing Assets/Fonts/Top Secret.ttf using Guid(54409046cc0e04c4b9d15b8e0fda0b6a) Importer(815301076,1909f56bfc062723c751e8b465ee728b)  -> (artifact id: '6872d8d73d4384a1c2551c4f5679e158') in 0.005803 seconds 
  Import took 0.008265 seconds .

========================================================================
Received Import Request.
  Time since last request: 0.000160 seconds.
  path: Assets/Fonts/cardCharacters.TTF
  artifactKey: Guid(127526009dec8864194f4a226f3dc8f9) Importer(815301076,1909f56bfc062723c751e8b465ee728b)
Start importing Assets/Fonts/cardCharacters.TTF using Guid(127526009dec8864194f4a226f3dc8f9) Importer(815301076,1909f56bfc062723c751e8b465ee728b)  -> (artifact id: '47c49ca150b833768d336d6962f564bf') in 0.005573 seconds 
  Import took 0.008041 seconds .

========================================================================
Received Import Request.
  Time since last request: 0.000152 seconds.
  path: Assets/Fonts/AlloyInk-nRLyO.ttf
  artifactKey: Guid(6f864db4c6123964f9c85679fa94862c) Importer(815301076,1909f56bfc062723c751e8b465ee728b)
Start importing Assets/Fonts/AlloyInk-nRLyO.ttf using Guid(6f864db4c6123964f9c85679fa94862c) Importer(815301076,1909f56bfc062723c751e8b465ee728b)  -> (artifact id: 'ce17e94c90d8c4cf00eac769b70faba5') in 0.007113 seconds 
  Import took 0.009583 seconds .

========================================================================
Received Import Request.
  Time since last request: 0.000187 seconds.
  path: Assets/Fonts/conthrax-sb.ttf
  artifactKey: Guid(f361258a8e932be488610a9680c2b8a7) Importer(815301076,1909f56bfc062723c751e8b465ee728b)
Start importing Assets/Fonts/conthrax-sb.ttf using Guid(f361258a8e932be488610a9680c2b8a7) Importer(815301076,1909f56bfc062723c751e8b465ee728b)  -> (artifact id: '74bd5381e8d98cf9cfdec991729d70b7') in 0.005797 seconds 
  Import took 0.008214 seconds .

========================================================================
Received Import Request.
  Time since last request: 0.000159 seconds.
  path: Assets/Fonts/gunplay rg.ttf
  artifactKey: Guid(d194a85fea6efac4cbcd5fe7f96cdc99) Importer(815301076,1909f56bfc062723c751e8b465ee728b)
Start importing Assets/Fonts/gunplay rg.ttf using Guid(d194a85fea6efac4cbcd5fe7f96cdc99) Importer(815301076,1909f56bfc062723c751e8b465ee728b)  -> (artifact id: '4f7b628a5d8b1294d8720f69fac98d4d') in 0.005912 seconds 
  Import took 0.008457 seconds .

========================================================================
Received Import Request.
  Time since last request: 0.000173 seconds.
  path: Assets/Fonts/old_stamper.ttf
  artifactKey: Guid(52140175698e6cf4f83bbf8b5f8f405c) Importer(815301076,1909f56bfc062723c751e8b465ee728b)
Start importing Assets/Fonts/old_stamper.ttf using Guid(52140175698e6cf4f83bbf8b5f8f405c) Importer(815301076,1909f56bfc062723c751e8b465ee728b)  -> (artifact id: 'c9c33b146557328000459231651c4c55') in 0.005518 seconds 
  Import took 0.007951 seconds .

========================================================================
Received Import Request.
  Time since last request: 0.000186 seconds.
  path: Assets/Fonts/SnowtopCaps.otf
  artifactKey: Guid(bb5c428da5aa68749be3fbc34c17e244) Importer(815301076,1909f56bfc062723c751e8b465ee728b)
Start importing Assets/Fonts/SnowtopCaps.otf using Guid(bb5c428da5aa68749be3fbc34c17e244) Importer(815301076,1909f56bfc062723c751e8b465ee728b)  -> (artifact id: 'a457a056dd48528f4a0cf5bc3801c9a7') in 0.005737 seconds 
  Import took 0.008204 seconds .

========================================================================
Received Import Request.
  Time since last request: 0.000150 seconds.
  path: Assets/Fonts/Card Characters Regular.ttf
  artifactKey: Guid(70519ec709344b446abe2badc82f7879) Importer(815301076,1909f56bfc062723c751e8b465ee728b)
Start importing Assets/Fonts/Card Characters Regular.ttf using Guid(70519ec709344b446abe2badc82f7879) Importer(815301076,1909f56bfc062723c751e8b465ee728b)  -> (artifact id: '2e2ba376b99298fe96563801f234121e') in 0.006554 seconds 
  Import took 0.008938 seconds .

========================================================================
Received Import Request.
  Time since last request: 0.000183 seconds.
  path: Assets/Fonts/Commodore Rounded v1.2.ttf
  artifactKey: Guid(51f23baa9e35a5e41b24103c8f250ea7) Importer(815301076,1909f56bfc062723c751e8b465ee728b)
Start importing Assets/Fonts/Commodore Rounded v1.2.ttf using Guid(51f23baa9e35a5e41b24103c8f250ea7) Importer(815301076,1909f56bfc062723c751e8b465ee728b)  -> (artifact id: '18ef553787156fb97b4d21f2d81c5494') in 0.005645 seconds 
  Import took 0.008066 seconds .

========================================================================
Received Import Request.
  Time since last request: 0.000215 seconds.
  path: Assets/Fonts/CoffeetTin.ttf
  artifactKey: Guid(f7649b41fcd2db8479e04b9eca377c46) Importer(815301076,1909f56bfc062723c751e8b465ee728b)
Start importing Assets/Fonts/CoffeetTin.ttf using Guid(f7649b41fcd2db8479e04b9eca377c46) Importer(815301076,1909f56bfc062723c751e8b465ee728b)  -> (artifact id: 'feb5437e6f0b8c79800550f2ce322e50') in 0.005691 seconds 
  Import took 0.008061 seconds .

========================================================================
Received Import Request.
  Time since last request: 0.000146 seconds.
  path: Assets/Fonts/CactusSandwichFill.ttf
  artifactKey: Guid(d4d5126d8c6c737438c458b20d70b1e7) Importer(815301076,1909f56bfc062723c751e8b465ee728b)
Start importing Assets/Fonts/CactusSandwichFill.ttf using Guid(d4d5126d8c6c737438c458b20d70b1e7) Importer(815301076,1909f56bfc062723c751e8b465ee728b)  -> (artifact id: 'b11eaf296c2f646047abe86bc50262ff') in 0.005740 seconds 
  Import took 0.008202 seconds .

========================================================================
Received Import Request.
  Time since last request: 0.000134 seconds.
  path: Assets/Fonts/Achafont.ttf
  artifactKey: Guid(2f50a630be2d59c41a5c82cab462c1a3) Importer(815301076,1909f56bfc062723c751e8b465ee728b)
Start importing Assets/Fonts/Achafont.ttf using Guid(2f50a630be2d59c41a5c82cab462c1a3) Importer(815301076,1909f56bfc062723c751e8b465ee728b)  -> (artifact id: 'e5bbe92a2f9a9fc6e450009b01d9fd01') in 0.005694 seconds 
  Import took 0.008181 seconds .

========================================================================
Received Import Request.
  Time since last request: 0.000183 seconds.
  path: Assets/Fonts/Baron Kuffner.otf
  artifactKey: Guid(862bf3b8e8b76c94ebc02c99dfdbf821) Importer(815301076,1909f56bfc062723c751e8b465ee728b)
Start importing Assets/Fonts/Baron Kuffner.otf using Guid(862bf3b8e8b76c94ebc02c99dfdbf821) Importer(815301076,1909f56bfc062723c751e8b465ee728b)  -> (artifact id: 'baa11a3597cd7edc9b8f959d885a4005') in 0.005596 seconds 
  Import took 0.008105 seconds .

========================================================================
Received Import Request.
  Time since last request: 0.000170 seconds.
  path: Assets/Fonts/Capture it.ttf
  artifactKey: Guid(703ca6f970fb98544bde9e890fcb79ef) Importer(815301076,1909f56bfc062723c751e8b465ee728b)
Start importing Assets/Fonts/Capture it.ttf using Guid(703ca6f970fb98544bde9e890fcb79ef) Importer(815301076,1909f56bfc062723c751e8b465ee728b)  -> (artifact id: '246668ec63924ebe895486f4b461bb14') in 0.005961 seconds 
  Import took 0.008428 seconds .

========================================================================
Received Import Request.
  Time since last request: 0.000182 seconds.
  path: Assets/Fonts/Square.ttf
  artifactKey: Guid(484c78afcf4926449949b097d0a70fb1) Importer(815301076,1909f56bfc062723c751e8b465ee728b)
Start importing Assets/Fonts/Square.ttf using Guid(484c78afcf4926449949b097d0a70fb1) Importer(815301076,1909f56bfc062723c751e8b465ee728b)  -> (artifact id: 'e298b235c1533751059f7df2e5c75fd7') in 0.006352 seconds 
  Import took 0.008834 seconds .

========================================================================
Received Import Request.
  Time since last request: 0.000135 seconds.
  path: Assets/Fonts/Hacked-KerX.ttf
  artifactKey: Guid(fd80d5987f8629f45b3f4138441d587d) Importer(815301076,1909f56bfc062723c751e8b465ee728b)
Start importing Assets/Fonts/Hacked-KerX.ttf using Guid(fd80d5987f8629f45b3f4138441d587d) Importer(815301076,1909f56bfc062723c751e8b465ee728b)  -> (artifact id: 'de615f9af32e849192a1ff2e51672fe5') in 0.005390 seconds 
  Import took 0.007861 seconds .

========================================================================
Received Import Request.
  Time since last request: 0.000119 seconds.
  path: Assets/Fonts/Commodore Angled v1.2.ttf
  artifactKey: Guid(b9ae5443e98614d4296ef2235333f758) Importer(815301076,1909f56bfc062723c751e8b465ee728b)
Start importing Assets/Fonts/Commodore Angled v1.2.ttf using Guid(b9ae5443e98614d4296ef2235333f758) Importer(815301076,1909f56bfc062723c751e8b465ee728b)  -> (artifact id: '757ff46373fd23b5c6d783d7c0281f38') in 0.005789 seconds 
  Import took 0.008298 seconds .

========================================================================
Received Import Request.
  Time since last request: 0.000148 seconds.
  path: Assets/Fonts/Euro215.ttf
  artifactKey: Guid(f55c78f1d4ca23a42a960c557bcd8775) Importer(815301076,1909f56bfc062723c751e8b465ee728b)
Start importing Assets/Fonts/Euro215.ttf using Guid(f55c78f1d4ca23a42a960c557bcd8775) Importer(815301076,1909f56bfc062723c751e8b465ee728b)  -> (artifact id: 'b4c96efe035f989467ef2a0ed2bb89cc') in 0.005819 seconds 
  Import took 0.008245 seconds .

========================================================================
Received Import Request.
  Time since last request: 0.000155 seconds.
  path: Assets/Fonts/FairyDustB.ttf
  artifactKey: Guid(3528d7d675cc45f4f9d3530ab2a9e4a1) Importer(815301076,1909f56bfc062723c751e8b465ee728b)
Start importing Assets/Fonts/FairyDustB.ttf using Guid(3528d7d675cc45f4f9d3530ab2a9e4a1) Importer(815301076,1909f56bfc062723c751e8b465ee728b)  -> (artifact id: '236ecbc421cef0ee4efeaa10ad73b5ca') in 0.005485 seconds 
  Import took 0.007946 seconds .

========================================================================
Received Import Request.
  Time since last request: 0.000120 seconds.
  path: Assets/Fonts/Casino3DFilled.ttf
  artifactKey: Guid(0de9e0693f2742549ae55417c6d44a31) Importer(815301076,1909f56bfc062723c751e8b465ee728b)
Start importing Assets/Fonts/Casino3DFilled.ttf using Guid(0de9e0693f2742549ae55417c6d44a31) Importer(815301076,1909f56bfc062723c751e8b465ee728b)  -> (artifact id: 'b505ffb3e4df0b494b07b6b510cf1af6') in 0.005681 seconds 
  Import took 0.008093 seconds .

========================================================================
Received Import Request.
  Time since last request: 23.415420 seconds.
  path: Assets/Ink
  artifactKey: Guid(e58d0a0930c68594c9fce9f7e36b211c) Importer(815301076,1909f56bfc062723c751e8b465ee728b)
Start importing Assets/Ink using Guid(e58d0a0930c68594c9fce9f7e36b211c) Importer(815301076,1909f56bfc062723c751e8b465ee728b)  -> (artifact id: 'c4d9421b9b2e4f730e0e5c62bec97195') in 0.000969 seconds 
  Import took 0.003932 seconds .

========================================================================
Received Import Request.
  Time since last request: 155.715897 seconds.
  path: Assets/Ink/Demos/Basic Demo/Scripts/QuitGameOnKeypress.cs
  artifactKey: Guid(7ce0d8573e1b2ff42af74cb80f3e5ece) Importer(815301076,1909f56bfc062723c751e8b465ee728b)
Start importing Assets/Ink/Demos/Basic Demo/Scripts/QuitGameOnKeypress.cs using Guid(7ce0d8573e1b2ff42af74cb80f3e5ece) Importer(815301076,1909f56bfc062723c751e8b465ee728b)  -> (artifact id: 'b04518c2781510483d10662bd8e967de') in 0.002603 seconds 
  Import took 0.005981 seconds .

========================================================================
Received Prepare
Registering precompiled user dll's ...
Registered in 0.003062 seconds.
Begin MonoManager ReloadAssembly
Native extension for WindowsStandalone target not found
Native extension for OSXStandalone target not found
Native extension for WebGL target not found
Refreshing native plugins compatible for Editor in 0.47 ms, found 3 plugins.
Preloading 0 native plugins for Editor in 0.00 ms.
Mono: successfully reloaded assembly
- Completed reload, in  0.778 seconds
Domain Reload Profiling:
	ReloadAssembly (779ms)
		BeginReloadAssembly (103ms)
			ExecutionOrderSort (0ms)
			DisableScriptedObjects (5ms)
			BackupInstance (0ms)
			ReleaseScriptingObjects (0ms)
			CreateAndSetChildDomain (44ms)
		EndReloadAssembly (631ms)
			LoadAssemblies (69ms)
			RebuildTransferFunctionScriptingTraits (0ms)
			SetupTypeCache (236ms)
			ReleaseScriptCaches (1ms)
			RebuildScriptCaches (36ms)
			SetupLoadedEditorAssemblies (217ms)
				LogAssemblyErrors (0ms)
				InitializePlatformSupportModulesInManaged (5ms)
				SetLoadedEditorAssemblies (0ms)
				RefreshPlugins (1ms)
				BeforeProcessingInitializeOnLoad (61ms)
				ProcessInitializeOnLoadAttributes (141ms)
				ProcessInitializeOnLoadMethodAttributes (8ms)
				AfterProcessingInitializeOnLoad (2ms)
				EditorAssembliesLoaded (0ms)
			ExecutionOrderSort2 (0ms)
			AwakeInstancesAfterBackupRestoration (7ms)
Platform modules already initialized, skipping
Refreshing native plugins compatible for Editor in 0.32 ms, found 3 plugins.
Preloading 0 native plugins for Editor in 0.00 ms.
Unloading 2294 Unused Serialized files (Serialized files now loaded: 0)
System memory in use before: 104.6 MB.
System memory in use after: 104.8 MB.

Unloading 17 unused Assets to reduce memory usage. Loaded Objects now: 2784.
Total: 2.434400 ms (FindLiveObjects: 0.200100 ms CreateObjectMapping: 0.086900 ms MarkObjects: 2.134000 ms  DeleteObjects: 0.012800 ms)

AssetImportParameters requested are different than current active one (requested -> active):
  custom:framework-win-MediaFoundation: 216162199b28c13a410421893ffa2e32 -> 
  custom:video-decoder-ogg-theora: a1e56fd34408186e4bbccfd4996cb3dc -> 
  custom:container-muxer-webm: aa71ff27fc2769a1b78a27578f13a17b -> 
  custom:container-demuxer-webm: 4f35f7cbe854078d1ac9338744f61a02 -> 
  custom:container-demuxer-ogg: 62fdf1f143b41e24485cea50d1cbac27 -> 
  custom:video-encoder-webm-vp8: eb34c28f22e8b96e1ab97ce403110664 -> 
  custom:video-decoder-webm-vp8: 9c59270c3fd7afecdb556c50c9e8de78 -> 
  custom:audio-decoder-ogg-vorbis: bf7c407c2cedff20999df2af8eb42d56 -> 
  custom:audio-encoder-webm-vorbis: bf7c407c2cedff20999df2af8eb42d56 -> 
========================================================================
Received Prepare
Registering precompiled user dll's ...
Registered in 0.002571 seconds.
Begin MonoManager ReloadAssembly
Native extension for WindowsStandalone target not found
Native extension for OSXStandalone target not found
Native extension for WebGL target not found
Refreshing native plugins compatible for Editor in 0.45 ms, found 3 plugins.
Preloading 0 native plugins for Editor in 0.00 ms.
Mono: successfully reloaded assembly
- Completed reload, in  0.775 seconds
Domain Reload Profiling:
	ReloadAssembly (775ms)
		BeginReloadAssembly (95ms)
			ExecutionOrderSort (0ms)
			DisableScriptedObjects (5ms)
			BackupInstance (0ms)
			ReleaseScriptingObjects (0ms)
			CreateAndSetChildDomain (27ms)
		EndReloadAssembly (637ms)
			LoadAssemblies (65ms)
			RebuildTransferFunctionScriptingTraits (0ms)
			SetupTypeCache (236ms)
			ReleaseScriptCaches (1ms)
			RebuildScriptCaches (37ms)
			SetupLoadedEditorAssemblies (220ms)
				LogAssemblyErrors (0ms)
				InitializePlatformSupportModulesInManaged (5ms)
				SetLoadedEditorAssemblies (0ms)
				RefreshPlugins (0ms)
				BeforeProcessingInitializeOnLoad (62ms)
				ProcessInitializeOnLoadAttributes (143ms)
				ProcessInitializeOnLoadMethodAttributes (8ms)
				AfterProcessingInitializeOnLoad (2ms)
				EditorAssembliesLoaded (0ms)
			ExecutionOrderSort2 (0ms)
			AwakeInstancesAfterBackupRestoration (7ms)
Platform modules already initialized, skipping
Refreshing native plugins compatible for Editor in 0.41 ms, found 3 plugins.
Preloading 0 native plugins for Editor in 0.00 ms.
Unloading 2294 Unused Serialized files (Serialized files now loaded: 0)
System memory in use before: 104.6 MB.
System memory in use after: 104.8 MB.

Unloading 17 unused Assets to reduce memory usage. Loaded Objects now: 2786.
Total: 2.589900 ms (FindLiveObjects: 0.252700 ms CreateObjectMapping: 0.104400 ms MarkObjects: 2.219700 ms  DeleteObjects: 0.012400 ms)

AssetImportParameters requested are different than current active one (requested -> active):
  custom:framework-win-MediaFoundation: 216162199b28c13a410421893ffa2e32 -> 
  custom:video-decoder-ogg-theora: a1e56fd34408186e4bbccfd4996cb3dc -> 
  custom:container-muxer-webm: aa71ff27fc2769a1b78a27578f13a17b -> 
  custom:container-demuxer-webm: 4f35f7cbe854078d1ac9338744f61a02 -> 
  custom:container-demuxer-ogg: 62fdf1f143b41e24485cea50d1cbac27 -> 
  custom:video-encoder-webm-vp8: eb34c28f22e8b96e1ab97ce403110664 -> 
  custom:video-decoder-webm-vp8: 9c59270c3fd7afecdb556c50c9e8de78 -> 
  custom:audio-decoder-ogg-vorbis: bf7c407c2cedff20999df2af8eb42d56 -> 
  custom:audio-encoder-webm-vorbis: bf7c407c2cedff20999df2af8eb42d56 -> 
========================================================================
Received Prepare
Registering precompiled user dll's ...
Registered in 0.002233 seconds.
Begin MonoManager ReloadAssembly
Native extension for WindowsStandalone target not found
Native extension for OSXStandalone target not found
Native extension for WebGL target not found
Refreshing native plugins compatible for Editor in 0.45 ms, found 3 plugins.
Preloading 0 native plugins for Editor in 0.00 ms.
Mono: successfully reloaded assembly
- Completed reload, in  0.780 seconds
Domain Reload Profiling:
	ReloadAssembly (780ms)
		BeginReloadAssembly (86ms)
			ExecutionOrderSort (0ms)
			DisableScriptedObjects (4ms)
			BackupInstance (0ms)
			ReleaseScriptingObjects (0ms)
			CreateAndSetChildDomain (29ms)
		EndReloadAssembly (649ms)
			LoadAssemblies (68ms)
			RebuildTransferFunctionScriptingTraits (0ms)
			SetupTypeCache (239ms)
			ReleaseScriptCaches (1ms)
			RebuildScriptCaches (38ms)
			SetupLoadedEditorAssemblies (227ms)
				LogAssemblyErrors (0ms)
				InitializePlatformSupportModulesInManaged (5ms)
				SetLoadedEditorAssemblies (0ms)
				RefreshPlugins (0ms)
				BeforeProcessingInitializeOnLoad (62ms)
				ProcessInitializeOnLoadAttributes (150ms)
				ProcessInitializeOnLoadMethodAttributes (8ms)
				AfterProcessingInitializeOnLoad (2ms)
				EditorAssembliesLoaded (0ms)
			ExecutionOrderSort2 (0ms)
			AwakeInstancesAfterBackupRestoration (7ms)
Platform modules already initialized, skipping
Refreshing native plugins compatible for Editor in 0.42 ms, found 3 plugins.
Preloading 0 native plugins for Editor in 0.00 ms.
Unloading 2295 Unused Serialized files (Serialized files now loaded: 0)
System memory in use before: 104.7 MB.
System memory in use after: 104.9 MB.

Unloading 17 unused Assets to reduce memory usage. Loaded Objects now: 2789.
Total: 2.521000 ms (FindLiveObjects: 0.213400 ms CreateObjectMapping: 0.089100 ms MarkObjects: 2.204900 ms  DeleteObjects: 0.012900 ms)

AssetImportParameters requested are different than current active one (requested -> active):
  custom:framework-win-MediaFoundation: 216162199b28c13a410421893ffa2e32 -> 
  custom:video-decoder-ogg-theora: a1e56fd34408186e4bbccfd4996cb3dc -> 
  custom:container-muxer-webm: aa71ff27fc2769a1b78a27578f13a17b -> 
  custom:container-demuxer-webm: 4f35f7cbe854078d1ac9338744f61a02 -> 
  custom:container-demuxer-ogg: 62fdf1f143b41e24485cea50d1cbac27 -> 
  custom:video-encoder-webm-vp8: eb34c28f22e8b96e1ab97ce403110664 -> 
  custom:video-decoder-webm-vp8: 9c59270c3fd7afecdb556c50c9e8de78 -> 
  custom:audio-decoder-ogg-vorbis: bf7c407c2cedff20999df2af8eb42d56 -> 
  custom:audio-encoder-webm-vorbis: bf7c407c2cedff20999df2af8eb42d56 -> 
========================================================================
Received Prepare
Registering precompiled user dll's ...
Registered in 0.002422 seconds.
Begin MonoManager ReloadAssembly
Native extension for WindowsStandalone target not found
Native extension for OSXStandalone target not found
Native extension for WebGL target not found
Refreshing native plugins compatible for Editor in 0.43 ms, found 3 plugins.
Preloading 0 native plugins for Editor in 0.00 ms.
Mono: successfully reloaded assembly
- Completed reload, in  0.770 seconds
Domain Reload Profiling:
	ReloadAssembly (770ms)
		BeginReloadAssembly (80ms)
			ExecutionOrderSort (0ms)
			DisableScriptedObjects (5ms)
			BackupInstance (0ms)
			ReleaseScriptingObjects (0ms)
			CreateAndSetChildDomain (27ms)
		EndReloadAssembly (646ms)
			LoadAssemblies (66ms)
			RebuildTransferFunctionScriptingTraits (0ms)
			SetupTypeCache (235ms)
			ReleaseScriptCaches (1ms)
			RebuildScriptCaches (36ms)
			SetupLoadedEditorAssemblies (227ms)
				LogAssemblyErrors (0ms)
				InitializePlatformSupportModulesInManaged (5ms)
				SetLoadedEditorAssemblies (0ms)
				RefreshPlugins (0ms)
				BeforeProcessingInitializeOnLoad (65ms)
				ProcessInitializeOnLoadAttributes (146ms)
				ProcessInitializeOnLoadMethodAttributes (8ms)
				AfterProcessingInitializeOnLoad (2ms)
				EditorAssembliesLoaded (0ms)
			ExecutionOrderSort2 (0ms)
			AwakeInstancesAfterBackupRestoration (7ms)
Platform modules already initialized, skipping
Refreshing native plugins compatible for Editor in 0.44 ms, found 3 plugins.
Preloading 0 native plugins for Editor in 0.00 ms.
Unloading 2295 Unused Serialized files (Serialized files now loaded: 0)
System memory in use before: 104.7 MB.
System memory in use after: 104.9 MB.

Unloading 17 unused Assets to reduce memory usage. Loaded Objects now: 2791.
Total: 2.549300 ms (FindLiveObjects: 0.206700 ms CreateObjectMapping: 0.105100 ms MarkObjects: 2.224400 ms  DeleteObjects: 0.012300 ms)

AssetImportParameters requested are different than current active one (requested -> active):
  custom:framework-win-MediaFoundation: 216162199b28c13a410421893ffa2e32 -> 
  custom:video-decoder-ogg-theora: a1e56fd34408186e4bbccfd4996cb3dc -> 
  custom:container-muxer-webm: aa71ff27fc2769a1b78a27578f13a17b -> 
  custom:container-demuxer-webm: 4f35f7cbe854078d1ac9338744f61a02 -> 
  custom:container-demuxer-ogg: 62fdf1f143b41e24485cea50d1cbac27 -> 
  custom:video-encoder-webm-vp8: eb34c28f22e8b96e1ab97ce403110664 -> 
  custom:video-decoder-webm-vp8: 9c59270c3fd7afecdb556c50c9e8de78 -> 
  custom:audio-decoder-ogg-vorbis: bf7c407c2cedff20999df2af8eb42d56 -> 
  custom:audio-encoder-webm-vorbis: bf7c407c2cedff20999df2af8eb42d56 -> 
========================================================================
Received Import Request.
  Time since last request: 182.050387 seconds.
  path: Assets/Ink/Demos/Basic Demo/Scripts
  artifactKey: Guid(b54a75d42bc7748248ac75fe35331f9e) Importer(815301076,1909f56bfc062723c751e8b465ee728b)
Start importing Assets/Ink/Demos/Basic Demo/Scripts using Guid(b54a75d42bc7748248ac75fe35331f9e) Importer(815301076,1909f56bfc062723c751e8b465ee728b)  -> (artifact id: '2395f697e33eb20a9a458244f0fb16ef') in 0.003460 seconds 
  Import took 0.006358 seconds .

========================================================================
Received Import Request.
  Time since last request: 0.843562 seconds.
  path: Assets/Ink/Demos/Basic Demo/Scripts/BasicInkExample.cs
  artifactKey: Guid(66e957d58a4584a8894329531ec0b096) Importer(815301076,1909f56bfc062723c751e8b465ee728b)
Start importing Assets/Ink/Demos/Basic Demo/Scripts/BasicInkExample.cs using Guid(66e957d58a4584a8894329531ec0b096) Importer(815301076,1909f56bfc062723c751e8b465ee728b)  -> (artifact id: 'fc9a8d10be4f7086ba4aa6322395c621') in 0.000892 seconds 
  Import took 0.003449 seconds .

========================================================================
Received Import Request.
  Time since last request: 6.085763 seconds.
  path: Assets/Scripts
  artifactKey: Guid(1f92fd1cefe33cc4e9d06182b4a63d84) Importer(815301076,1909f56bfc062723c751e8b465ee728b)
Start importing Assets/Scripts using Guid(1f92fd1cefe33cc4e9d06182b4a63d84) Importer(815301076,1909f56bfc062723c751e8b465ee728b)  -> (artifact id: 'f4fa34d07aa27e3055e4dd9540593f38') in 0.000843 seconds 
  Import took 0.003501 seconds .

========================================================================
Received Import Request.
  Time since last request: 6.638861 seconds.
  path: Assets/Ink/Demos/Basic Demo/Prefabs/Button.prefab
  artifactKey: Guid(37c108a6c38964f79a6621eccb33ddc1) Importer(815301076,1909f56bfc062723c751e8b465ee728b)
Start importing Assets/Ink/Demos/Basic Demo/Prefabs/Button.prefab using Guid(37c108a6c38964f79a6621eccb33ddc1) Importer(815301076,1909f56bfc062723c751e8b465ee728b)  -> (artifact id: 'f61e0915cb7fe48c66b9ae821d6699cb') in 0.028005 seconds 
  Import took 0.030926 seconds .

========================================================================
Received Import Request.
  Time since last request: 0.000251 seconds.
  path: Assets/Ink/Demos/Basic Demo/Prefabs/Text.prefab
  artifactKey: Guid(1aab6ef84d87c416f8f0b3e1ef3d77d2) Importer(815301076,1909f56bfc062723c751e8b465ee728b)
Start importing Assets/Ink/Demos/Basic Demo/Prefabs/Text.prefab using Guid(1aab6ef84d87c416f8f0b3e1ef3d77d2) Importer(815301076,1909f56bfc062723c751e8b465ee728b)  -> (artifact id: '1a329d29ceabb41673b492134d7ec869') in 0.002406 seconds 
  Import took 0.004592 seconds .

========================================================================
Received Import Request.
  Time since last request: 25.477616 seconds.
  path: Assets/Ink/Editor/InkEditor.asmdef
  artifactKey: Guid(2047ab7874eb449d78c2b459017aa506) Importer(815301076,1909f56bfc062723c751e8b465ee728b)
Start importing Assets/Ink/Editor/InkEditor.asmdef using Guid(2047ab7874eb449d78c2b459017aa506) Importer(815301076,1909f56bfc062723c751e8b465ee728b)  -> (artifact id: 'e086c11fcce86f5cf6202a03b9b80a8d') in 0.002514 seconds 
  Import took 0.006329 seconds .

========================================================================
Received Import Request.
  Time since last request: 0.724221 seconds.
  path: Assets/Ink/InkLibs/Ink-Libraries.asmdef
  artifactKey: Guid(58bed0e7c5306824586d7eda03609289) Importer(815301076,1909f56bfc062723c751e8b465ee728b)
Start importing Assets/Ink/InkLibs/Ink-Libraries.asmdef using Guid(58bed0e7c5306824586d7eda03609289) Importer(815301076,1909f56bfc062723c751e8b465ee728b)  -> (artifact id: '6d5a2f0ebb484067e222adc1e8fc4551') in 0.001011 seconds 
  Import took 0.004079 seconds .

========================================================================
Received Import Request.
  Time since last request: 17.595011 seconds.
  path: Assets/Scripts/InkImplementation.cs
  artifactKey: Guid(10bb1f6dee7ff6b498e41c9da9c256c1) Importer(815301076,1909f56bfc062723c751e8b465ee728b)
Start importing Assets/Scripts/InkImplementation.cs using Guid(10bb1f6dee7ff6b498e41c9da9c256c1) Importer(815301076,1909f56bfc062723c751e8b465ee728b)  -> (artifact id: '3bd050ac14df09d0d3c8ef0d2db0d70b') in 0.000958 seconds 
  Import took 0.003890 seconds .

========================================================================
Received Prepare
Registering precompiled user dll's ...
Registered in 0.002303 seconds.
Begin MonoManager ReloadAssembly
Native extension for WindowsStandalone target not found
Native extension for OSXStandalone target not found
Native extension for WebGL target not found
Refreshing native plugins compatible for Editor in 0.43 ms, found 3 plugins.
Preloading 0 native plugins for Editor in 0.00 ms.
Mono: successfully reloaded assembly
- Completed reload, in  0.769 seconds
Domain Reload Profiling:
	ReloadAssembly (769ms)
		BeginReloadAssembly (92ms)
			ExecutionOrderSort (0ms)
			DisableScriptedObjects (5ms)
			BackupInstance (0ms)
			ReleaseScriptingObjects (0ms)
			CreateAndSetChildDomain (34ms)
		EndReloadAssembly (635ms)
			LoadAssemblies (64ms)
			RebuildTransferFunctionScriptingTraits (0ms)
			SetupTypeCache (226ms)
			ReleaseScriptCaches (1ms)
			RebuildScriptCaches (35ms)
			SetupLoadedEditorAssemblies (231ms)
				LogAssemblyErrors (0ms)
				InitializePlatformSupportModulesInManaged (5ms)
				SetLoadedEditorAssemblies (0ms)
				RefreshPlugins (0ms)
				BeforeProcessingInitializeOnLoad (64ms)
				ProcessInitializeOnLoadAttributes (152ms)
				ProcessInitializeOnLoadMethodAttributes (8ms)
				AfterProcessingInitializeOnLoad (2ms)
				EditorAssembliesLoaded (0ms)
			ExecutionOrderSort2 (0ms)
			AwakeInstancesAfterBackupRestoration (6ms)
Platform modules already initialized, skipping
Refreshing native plugins compatible for Editor in 0.41 ms, found 3 plugins.
Preloading 0 native plugins for Editor in 0.00 ms.
Unloading 2296 Unused Serialized files (Serialized files now loaded: 0)
System memory in use before: 104.7 MB.
System memory in use after: 104.9 MB.

Unloading 18 unused Assets to reduce memory usage. Loaded Objects now: 2796.
Total: 2.673700 ms (FindLiveObjects: 0.214000 ms CreateObjectMapping: 0.097300 ms MarkObjects: 2.343100 ms  DeleteObjects: 0.018500 ms)

AssetImportParameters requested are different than current active one (requested -> active):
  custom:framework-win-MediaFoundation: 216162199b28c13a410421893ffa2e32 -> 
  custom:video-decoder-ogg-theora: a1e56fd34408186e4bbccfd4996cb3dc -> 
  custom:container-muxer-webm: aa71ff27fc2769a1b78a27578f13a17b -> 
  custom:container-demuxer-webm: 4f35f7cbe854078d1ac9338744f61a02 -> 
  custom:container-demuxer-ogg: 62fdf1f143b41e24485cea50d1cbac27 -> 
  custom:video-encoder-webm-vp8: eb34c28f22e8b96e1ab97ce403110664 -> 
  custom:video-decoder-webm-vp8: 9c59270c3fd7afecdb556c50c9e8de78 -> 
  custom:audio-decoder-ogg-vorbis: bf7c407c2cedff20999df2af8eb42d56 -> 
  custom:audio-encoder-webm-vorbis: bf7c407c2cedff20999df2af8eb42d56 -> 
========================================================================
Received Import Request.
  Time since last request: 10.297401 seconds.
  path: Assets/Scripts/Inkle.cs
  artifactKey: Guid(10bb1f6dee7ff6b498e41c9da9c256c1) Importer(815301076,1909f56bfc062723c751e8b465ee728b)
Start importing Assets/Scripts/Inkle.cs using Guid(10bb1f6dee7ff6b498e41c9da9c256c1) Importer(815301076,1909f56bfc062723c751e8b465ee728b)  -> (artifact id: '48831b06964aea098d33ee95cd492505') in 0.003335 seconds 
  Import took 0.006347 seconds .

========================================================================
Received Prepare
Registering precompiled user dll's ...
Registered in 0.002239 seconds.
Begin MonoManager ReloadAssembly
Native extension for WindowsStandalone target not found
Native extension for OSXStandalone target not found
Native extension for WebGL target not found
Refreshing native plugins compatible for Editor in 0.44 ms, found 3 plugins.
Preloading 0 native plugins for Editor in 0.00 ms.
Mono: successfully reloaded assembly
- Completed reload, in  0.757 seconds
Domain Reload Profiling:
	ReloadAssembly (758ms)
		BeginReloadAssembly (87ms)
			ExecutionOrderSort (0ms)
			DisableScriptedObjects (4ms)
			BackupInstance (0ms)
			ReleaseScriptingObjects (0ms)
			CreateAndSetChildDomain (29ms)
		EndReloadAssembly (629ms)
			LoadAssemblies (63ms)
			RebuildTransferFunctionScriptingTraits (0ms)
			SetupTypeCache (225ms)
			ReleaseScriptCaches (1ms)
			RebuildScriptCaches (36ms)
			SetupLoadedEditorAssemblies (221ms)
				LogAssemblyErrors (0ms)
				InitializePlatformSupportModulesInManaged (5ms)
				SetLoadedEditorAssemblies (0ms)
				RefreshPlugins (0ms)
				BeforeProcessingInitializeOnLoad (63ms)
				ProcessInitializeOnLoadAttributes (143ms)
				ProcessInitializeOnLoadMethodAttributes (8ms)
				AfterProcessingInitializeOnLoad (2ms)
				EditorAssembliesLoaded (0ms)
			ExecutionOrderSort2 (0ms)
			AwakeInstancesAfterBackupRestoration (7ms)
Platform modules already initialized, skipping
Refreshing native plugins compatible for Editor in 0.42 ms, found 3 plugins.
Preloading 0 native plugins for Editor in 0.00 ms.
Unloading 2296 Unused Serialized files (Serialized files now loaded: 0)
System memory in use before: 104.8 MB.
System memory in use after: 105.0 MB.

Unloading 17 unused Assets to reduce memory usage. Loaded Objects now: 2798.
Total: 2.698200 ms (FindLiveObjects: 0.208300 ms CreateObjectMapping: 0.091600 ms MarkObjects: 2.382700 ms  DeleteObjects: 0.014200 ms)

AssetImportParameters requested are different than current active one (requested -> active):
  custom:framework-win-MediaFoundation: 216162199b28c13a410421893ffa2e32 -> 
  custom:video-decoder-ogg-theora: a1e56fd34408186e4bbccfd4996cb3dc -> 
  custom:container-muxer-webm: aa71ff27fc2769a1b78a27578f13a17b -> 
  custom:container-demuxer-webm: 4f35f7cbe854078d1ac9338744f61a02 -> 
  custom:container-demuxer-ogg: 62fdf1f143b41e24485cea50d1cbac27 -> 
  custom:video-encoder-webm-vp8: eb34c28f22e8b96e1ab97ce403110664 -> 
  custom:video-decoder-webm-vp8: 9c59270c3fd7afecdb556c50c9e8de78 -> 
  custom:audio-decoder-ogg-vorbis: bf7c407c2cedff20999df2af8eb42d56 -> 
  custom:audio-encoder-webm-vorbis: bf7c407c2cedff20999df2af8eb42d56 -> 
========================================================================
Received Import Request.
  Time since last request: 5.202402 seconds.
  path: Assets/Scripts/Narrative.cs
  artifactKey: Guid(a68ea46a4b8ec5a4592cd8210dddb717) Importer(815301076,1909f56bfc062723c751e8b465ee728b)
Start importing Assets/Scripts/Narrative.cs using Guid(a68ea46a4b8ec5a4592cd8210dddb717) Importer(815301076,1909f56bfc062723c751e8b465ee728b)  -> (artifact id: '78354ec5bf6900e9e22363c7a0201336') in 0.003229 seconds 
  Import took 0.006061 seconds .

========================================================================
Received Import Request.
  Time since last request: 4.775279 seconds.
  path: Assets/Scripts/INK.cs
  artifactKey: Guid(10bb1f6dee7ff6b498e41c9da9c256c1) Importer(815301076,1909f56bfc062723c751e8b465ee728b)
Start importing Assets/Scripts/INK.cs using Guid(10bb1f6dee7ff6b498e41c9da9c256c1) Importer(815301076,1909f56bfc062723c751e8b465ee728b)  -> (artifact id: '8fcaac5dfeae8a554e6e1d4ac54ea72f') in 0.000937 seconds 
  Import took 0.003743 seconds .

========================================================================
Received Prepare
Registering precompiled user dll's ...
Registered in 0.002423 seconds.
Begin MonoManager ReloadAssembly
Native extension for WindowsStandalone target not found
Native extension for OSXStandalone target not found
Native extension for WebGL target not found
Refreshing native plugins compatible for Editor in 0.44 ms, found 3 plugins.
Preloading 0 native plugins for Editor in 0.00 ms.
Mono: successfully reloaded assembly
- Completed reload, in  0.750 seconds
Domain Reload Profiling:
	ReloadAssembly (750ms)
		BeginReloadAssembly (88ms)
			ExecutionOrderSort (0ms)
			DisableScriptedObjects (5ms)
			BackupInstance (0ms)
			ReleaseScriptingObjects (0ms)
			CreateAndSetChildDomain (27ms)
		EndReloadAssembly (620ms)
			LoadAssemblies (66ms)
			RebuildTransferFunctionScriptingTraits (0ms)
			SetupTypeCache (227ms)
			ReleaseScriptCaches (1ms)
			RebuildScriptCaches (36ms)
			SetupLoadedEditorAssemblies (216ms)
				LogAssemblyErrors (0ms)
				InitializePlatformSupportModulesInManaged (5ms)
				SetLoadedEditorAssemblies (0ms)
				RefreshPlugins (0ms)
				BeforeProcessingInitializeOnLoad (60ms)
				ProcessInitializeOnLoadAttributes (141ms)
				ProcessInitializeOnLoadMethodAttributes (8ms)
				AfterProcessingInitializeOnLoad (2ms)
				EditorAssembliesLoaded (0ms)
			ExecutionOrderSort2 (0ms)
			AwakeInstancesAfterBackupRestoration (6ms)
Platform modules already initialized, skipping
Refreshing native plugins compatible for Editor in 0.35 ms, found 3 plugins.
Preloading 0 native plugins for Editor in 0.00 ms.
Unloading 2296 Unused Serialized files (Serialized files now loaded: 0)
System memory in use before: 104.8 MB.
System memory in use after: 105.0 MB.

Unloading 17 unused Assets to reduce memory usage. Loaded Objects now: 2800.
Total: 2.431100 ms (FindLiveObjects: 0.207100 ms CreateObjectMapping: 0.084700 ms MarkObjects: 2.125900 ms  DeleteObjects: 0.012600 ms)

AssetImportParameters requested are different than current active one (requested -> active):
  custom:framework-win-MediaFoundation: 216162199b28c13a410421893ffa2e32 -> 
  custom:video-decoder-ogg-theora: a1e56fd34408186e4bbccfd4996cb3dc -> 
  custom:container-muxer-webm: aa71ff27fc2769a1b78a27578f13a17b -> 
  custom:container-demuxer-webm: 4f35f7cbe854078d1ac9338744f61a02 -> 
  custom:container-demuxer-ogg: 62fdf1f143b41e24485cea50d1cbac27 -> 
  custom:video-encoder-webm-vp8: eb34c28f22e8b96e1ab97ce403110664 -> 
  custom:video-decoder-webm-vp8: 9c59270c3fd7afecdb556c50c9e8de78 -> 
  custom:audio-decoder-ogg-vorbis: bf7c407c2cedff20999df2af8eb42d56 -> 
  custom:audio-encoder-webm-vorbis: bf7c407c2cedff20999df2af8eb42d56 -> 
========================================================================
Received Import Request.
  Time since last request: 14.725765 seconds.
  path: Assets/Scripts/INK.cs
  artifactKey: Guid(10bb1f6dee7ff6b498e41c9da9c256c1) Importer(815301076,1909f56bfc062723c751e8b465ee728b)
Start importing Assets/Scripts/INK.cs using Guid(10bb1f6dee7ff6b498e41c9da9c256c1) Importer(815301076,1909f56bfc062723c751e8b465ee728b)  -> (artifact id: 'a81a5d17fce8426f0694c2dbfdfc1905') in 0.003376 seconds 
  Import took 0.006209 seconds .

========================================================================
Received Import Request.
  Time since last request: 8.504482 seconds.
  path: Assets/Ink/Demos/Basic Demo/Prefabs
  artifactKey: Guid(d8b5e370f13d74ab9b7aa54226433610) Importer(815301076,1909f56bfc062723c751e8b465ee728b)
Start importing Assets/Ink/Demos/Basic Demo/Prefabs using Guid(d8b5e370f13d74ab9b7aa54226433610) Importer(815301076,1909f56bfc062723c751e8b465ee728b)  -> (artifact id: 'db534280418bf248ecd9f15d0c569d63') in 0.000902 seconds 
  Import took 0.003556 seconds .

========================================================================
Received Import Request.
  Time since last request: 73.946960 seconds.
  path: Assets/Fonts
  artifactKey: Guid(623035f600c860744a6e90829d77cf47) Importer(815301076,1909f56bfc062723c751e8b465ee728b)
Start importing Assets/Fonts using Guid(623035f600c860744a6e90829d77cf47) Importer(815301076,1909f56bfc062723c751e8b465ee728b)  -> (artifact id: '5fe6b73e391f94330923be1effcb4aff') in 0.000926 seconds 
  Import took 0.003742 seconds .

========================================================================
Received Import Request.
  Time since last request: 7.458923 seconds.
  path: Assets/Ink/Demos/Basic Demo/Ink
  artifactKey: Guid(29fc0cbe08c0d4f87975cc7a62f72510) Importer(815301076,1909f56bfc062723c751e8b465ee728b)
Start importing Assets/Ink/Demos/Basic Demo/Ink using Guid(29fc0cbe08c0d4f87975cc7a62f72510) Importer(815301076,1909f56bfc062723c751e8b465ee728b)  -> (artifact id: 'a65af169ca56245af2250ba2838c8b0c') in 0.000844 seconds 
  Import took 0.003460 seconds .

========================================================================
Received Prepare
Registering precompiled user dll's ...
Registered in 0.002411 seconds.
Begin MonoManager ReloadAssembly
Native extension for WindowsStandalone target not found
Native extension for OSXStandalone target not found
Native extension for WebGL target not found
Refreshing native plugins compatible for Editor in 0.44 ms, found 3 plugins.
Preloading 0 native plugins for Editor in 0.00 ms.
Mono: successfully reloaded assembly
- Completed reload, in  0.732 seconds
Domain Reload Profiling:
	ReloadAssembly (732ms)
		BeginReloadAssembly (84ms)
			ExecutionOrderSort (0ms)
			DisableScriptedObjects (4ms)
			BackupInstance (0ms)
			ReleaseScriptingObjects (0ms)
			CreateAndSetChildDomain (26ms)
		EndReloadAssembly (607ms)
			LoadAssemblies (64ms)
			RebuildTransferFunctionScriptingTraits (0ms)
			SetupTypeCache (220ms)
			ReleaseScriptCaches (1ms)
			RebuildScriptCaches (35ms)
			SetupLoadedEditorAssemblies (214ms)
				LogAssemblyErrors (0ms)
				InitializePlatformSupportModulesInManaged (5ms)
				SetLoadedEditorAssemblies (0ms)
				RefreshPlugins (0ms)
				BeforeProcessingInitializeOnLoad (59ms)
				ProcessInitializeOnLoadAttributes (140ms)
				ProcessInitializeOnLoadMethodAttributes (8ms)
				AfterProcessingInitializeOnLoad (2ms)
				EditorAssembliesLoaded (0ms)
			ExecutionOrderSort2 (0ms)
			AwakeInstancesAfterBackupRestoration (7ms)
Platform modules already initialized, skipping
Refreshing native plugins compatible for Editor in 0.28 ms, found 3 plugins.
Preloading 0 native plugins for Editor in 0.00 ms.
Unloading 2295 Unused Serialized files (Serialized files now loaded: 0)
System memory in use before: 104.8 MB.
System memory in use after: 105.0 MB.

Unloading 17 unused Assets to reduce memory usage. Loaded Objects now: 2802.
Total: 2.483500 ms (FindLiveObjects: 0.183600 ms CreateObjectMapping: 0.078500 ms MarkObjects: 2.208300 ms  DeleteObjects: 0.012500 ms)

AssetImportParameters requested are different than current active one (requested -> active):
  custom:framework-win-MediaFoundation: 216162199b28c13a410421893ffa2e32 -> 
  custom:video-decoder-ogg-theora: a1e56fd34408186e4bbccfd4996cb3dc -> 
  custom:container-muxer-webm: aa71ff27fc2769a1b78a27578f13a17b -> 
  custom:container-demuxer-webm: 4f35f7cbe854078d1ac9338744f61a02 -> 
  custom:container-demuxer-ogg: 62fdf1f143b41e24485cea50d1cbac27 -> 
  custom:video-encoder-webm-vp8: eb34c28f22e8b96e1ab97ce403110664 -> 
  custom:video-decoder-webm-vp8: 9c59270c3fd7afecdb556c50c9e8de78 -> 
  custom:audio-decoder-ogg-vorbis: bf7c407c2cedff20999df2af8eb42d56 -> 
  custom:audio-encoder-webm-vorbis: bf7c407c2cedff20999df2af8eb42d56 -> 
========================================================================
Received Prepare
Registering precompiled user dll's ...
Registered in 0.003191 seconds.
Begin MonoManager ReloadAssembly
Native extension for WindowsStandalone target not found
Native extension for OSXStandalone target not found
Native extension for WebGL target not found
Refreshing native plugins compatible for Editor in 0.44 ms, found 3 plugins.
Preloading 0 native plugins for Editor in 0.00 ms.
Mono: successfully reloaded assembly
- Completed reload, in  0.722 seconds
Domain Reload Profiling:
	ReloadAssembly (722ms)
		BeginReloadAssembly (83ms)
			ExecutionOrderSort (0ms)
			DisableScriptedObjects (4ms)
			BackupInstance (0ms)
			ReleaseScriptingObjects (0ms)
			CreateAndSetChildDomain (25ms)
		EndReloadAssembly (596ms)
			LoadAssemblies (62ms)
			RebuildTransferFunctionScriptingTraits (0ms)
			SetupTypeCache (217ms)
			ReleaseScriptCaches (1ms)
			RebuildScriptCaches (34ms)
			SetupLoadedEditorAssemblies (210ms)
				LogAssemblyErrors (0ms)
				InitializePlatformSupportModulesInManaged (5ms)
				SetLoadedEditorAssemblies (0ms)
				RefreshPlugins (0ms)
				BeforeProcessingInitializeOnLoad (59ms)
				ProcessInitializeOnLoadAttributes (136ms)
				ProcessInitializeOnLoadMethodAttributes (8ms)
				AfterProcessingInitializeOnLoad (2ms)
				EditorAssembliesLoaded (0ms)
			ExecutionOrderSort2 (0ms)
			AwakeInstancesAfterBackupRestoration (6ms)
Platform modules already initialized, skipping
Refreshing native plugins compatible for Editor in 0.29 ms, found 3 plugins.
Preloading 0 native plugins for Editor in 0.00 ms.
Unloading 2295 Unused Serialized files (Serialized files now loaded: 0)
System memory in use before: 104.8 MB.
System memory in use after: 105.0 MB.

Unloading 17 unused Assets to reduce memory usage. Loaded Objects now: 2804.
Total: 3.374700 ms (FindLiveObjects: 0.191700 ms CreateObjectMapping: 0.081600 ms MarkObjects: 3.086700 ms  DeleteObjects: 0.013900 ms)

AssetImportParameters requested are different than current active one (requested -> active):
  custom:framework-win-MediaFoundation: 216162199b28c13a410421893ffa2e32 -> 
  custom:video-decoder-ogg-theora: a1e56fd34408186e4bbccfd4996cb3dc -> 
  custom:container-muxer-webm: aa71ff27fc2769a1b78a27578f13a17b -> 
  custom:container-demuxer-webm: 4f35f7cbe854078d1ac9338744f61a02 -> 
  custom:container-demuxer-ogg: 62fdf1f143b41e24485cea50d1cbac27 -> 
  custom:video-encoder-webm-vp8: eb34c28f22e8b96e1ab97ce403110664 -> 
  custom:video-decoder-webm-vp8: 9c59270c3fd7afecdb556c50c9e8de78 -> 
  custom:audio-decoder-ogg-vorbis: bf7c407c2cedff20999df2af8eb42d56 -> 
  custom:audio-encoder-webm-vorbis: bf7c407c2cedff20999df2af8eb42d56 -> 
========================================================================
Received Import Request.
  Time since last request: 52.355768 seconds.
  path: Assets/Scripts/PlayerScript.cs
  artifactKey: Guid(8b22f6c8c557bb34193a84913baa410a) Importer(815301076,1909f56bfc062723c751e8b465ee728b)
Start importing Assets/Scripts/PlayerScript.cs using Guid(8b22f6c8c557bb34193a84913baa410a) Importer(815301076,1909f56bfc062723c751e8b465ee728b)  -> (artifact id: '3f76243ccb505790d18ccd2dfa6421f0') in 0.003067 seconds 
  Import took 0.005431 seconds .

AssetImportWorkerClient::OnTransportError - code=2 error=End of file
